<?xml version="1.0" encoding="utf-8"?><testsuites name="pytest tests"><testsuite name="pytest" errors="0" failures="0" skipped="0" tests="35" time="3.371" timestamp="2026-09-10T17:44:09.489470+09:00" hostname="Waxberry"><testcase classname="test_coupled_adapter" name="test_current_sources_and_bom" time="0.066" /><testcase classname="test_coupled_adapter" name="test_source_drift_refused" time="0.051" /><testcase classname="test_coupled_adapter" name="test_shared_contact_physical_effect_and_balance" time="0.046" /><testcase classname="test_coupled_adapter" name="test_phase_energy_carries_without_reset" time="0.047" /><testcase classname="test_coupled_adapter" name="test_unmeasured_transitions_never_allow[PRECHARGE]" time="0.045" /><testcase classname="test_coupled_adapter" name="test_unmeasured_transitions_never_allow[CONTROLLED_STOP]" time="0.045" /><testcase classname="test_coupled_adapter" name="test_unmeasured_transitions_never_allow[ISOLATED_REGEN]" time="0.045" /><testcase classname="test_coupled_adapter" name="test_unmeasured_transitions_never_allow[OFFLINE_CHARGE]" time="0.045" /><testcase classname="test_coupled_adapter" name="test_current_nozzle_unknown_never_synthetic_default" time="0.044" /><testcase classname="test_coupled_adapter" name="test_actual_wrench_consumer_sign_frame_com" time="0.003" /><testcase classname="test_coupled_adapter" name="test_relaxed_allocator_consumes_force" time="0.014" /><testcase classname="test_coupled_adapter" name="test_rank_not_enough_nonnegative_rejection" time="0.003" /><testcase classname="test_coupled_adapter" name="test_fixed_frame_impulse_and_independent_rocket_mass" time="0.001" /><testcase classname="test_coupled_adapter" name="test_bad_schedules_rejected[short-SUBMINIMUM_PULSE]" time="0.001" /><testcase classname="test_coupled_adapter" name="test_bad_schedules_rejected[concurrency-CONCURRENCY]" time="0.001" /><testcase classname="test_coupled_adapter" name="test_bad_schedules_rejected[power-INSTANTANEOUS_POWER]" time="0.001" /><testcase classname="test_coupled_adapter" name="test_bad_schedules_rejected[plume-PLUME_BLOCKED]" time="0.001" /><testcase classname="test_coupled_adapter" name="test_bad_schedules_rejected[budget-IMPULSE_BUDGET]" time="0.001" /><testcase classname="test_coupled_adapter" name="test_bad_schedules_rejected[overlap-OVERLAP_OR_MIN_OFF]" time="0.002" /><testcase classname="test_coupled_adapter" name="test_invalid_geometry[center_m-value0]" time="0.001" /><testcase classname="test_coupled_adapter" name="test_invalid_geometry[center_m-value1]" time="0.001" /><testcase classname="test_coupled_adapter" name="test_invalid_geometry[directions-value2]" time="0.001" /><testcase classname="test_coupled_adapter" name="test_actual_capture_consumer_perturbation_and_conservation" time="0.145" /><testcase classname="test_coupled_adapter" name="test_thermal_negative_result_and_numerics" time="0.002" /><testcase classname="test_coupled_adapter" name="test_electrical_invalid_parameters[kwargs0]" time="0.048" /><testcase classname="test_coupled_adapter" name="test_electrical_invalid_parameters[kwargs1]" time="0.046" /><testcase classname="test_coupled_adapter" name="test_electrical_invalid_parameters[kwargs2]" time="0.045" /><testcase classname="test_coupled_adapter" name="test_electrical_invalid_parameters[kwargs3]" time="0.045" /><testcase classname="test_coupled_adapter" name="test_electrical_invalid_parameters[kwargs4]" time="0.044" /><testcase classname="test_coupled_adapter" name="test_zero_demand_cannot_bypass_invalid_resources[nan-2.0]" time="0.002" /><testcase classname="test_coupled_adapter" name="test_zero_demand_cannot_bypass_invalid_resources[1.0-nan]" time="0.001" /><testcase classname="test_coupled_adapter" name="test_zero_demand_cannot_bypass_invalid_resources[inf-2.0]" time="0.001" /><testcase classname="test_coupled_adapter" name="test_zero_demand_cannot_bypass_invalid_resources[1.0-inf]" time="0.001" /><testcase classname="test_coupled_adapter" name="test_selected_uvlo_controls_phase_admission" time="0.050" /><testcase classname="test_coupled_adapter" name="test_common_parameters_reach_both_consumers" time="1.570" /></testsuite></testsuites>